\BOOKMARK [1][-]{section.1}{\376\377\000R\0003\000\040\040\024\000\040\000S\000p\000e\000c\000t\000r\000a\000l\000\040\000V\000o\000c\000a\000b\000u\000l\000a\000r\000y\000\040\000\050\0001\0002\0008\000\040\000F\000e\000a\000t\000u\000r\000e\000s\000\051}{}% 1
\BOOKMARK [1][-]{section.2}{\376\377\000H\0003\000\040\000T\000e\000m\000p\000o\000r\000a\000l\000\040\000D\000e\000m\000a\000n\000d\000\040\000S\000p\000a\000c\000e}{}% 2
\BOOKMARK [2][-]{subsection.2.1}{\376\377\000R\0003\000\040\000\040\000H\0003\000\040\000D\000i\000m\000e\000n\000s\000i\000o\000n\000a\000l\000\040\000E\000x\000p\000a\000n\000s\000i\000o\000n}{section.2}% 3
\BOOKMARK [2][-]{subsection.2.2}{\376\377\000H\0003\000\040\000O\000u\000t\000p\000u\000t\000\040\000C\000l\000a\000s\000s\000i\000f\000i\000c\000a\000t\000i\000o\000n\000:\000\040\000N\000a\000m\000e\000d\000\040\000T\000e\000m\000p\000o\000r\000a\000l\000\040\000P\000r\000o\000p\000e\000r\000t\000i\000e\000s}{section.2}% 4
\BOOKMARK [2][-]{subsection.2.3}{\376\377\000H\0003\000\040\000H\000o\000r\000i\000z\000o\000n\000\040\000T\000a\000b\000l\000e\000\040\000\050\0003\0002\000\040\000T\000e\000m\000p\000o\000r\000a\000l\000\040\000S\000c\000a\000l\000e\000s\000\051}{section.2}% 5
\BOOKMARK [2][-]{subsection.2.4}{\376\377\000H\0003\000\040\000M\000o\000r\000p\000h\000\040\000T\000a\000b\000l\000e\000\040\000\050\0002\0004\000\040\000T\000e\000m\000p\000o\000r\000a\000l\000\040\000D\000e\000s\000c\000r\000i\000p\000t\000o\000r\000s\000\051}{section.2}% 6
\BOOKMARK [2][-]{subsection.2.5}{\376\377\000H\0003\000\040\000L\000a\000w\000\040\000T\000a\000b\000l\000e\000\040\000\050\0003\000\040\000T\000e\000m\000p\000o\000r\000a\000l\000\040\000P\000e\000r\000s\000p\000e\000c\000t\000i\000v\000e\000s\000\051}{section.2}% 7
\BOOKMARK [1][-]{section.3}{\376\377\000U\000n\000i\000v\000e\000r\000s\000a\000l\000\040\000S\000p\000e\000c\000t\000r\000a\000l\000\040\000A\000d\000d\000r\000e\000s\000s\000\040\000S\000y\000s\000t\000e\000m}{}% 8
\BOOKMARK [2][-]{subsection.3.1}{\376\377\000A\000d\000d\000r\000e\000s\000s\000\040\000C\000o\000n\000s\000t\000r\000u\000c\000t\000i\000o\000n\000\040\000R\000u\000l\000e\000s}{section.3}% 9
\BOOKMARK [2][-]{subsection.3.2}{\376\377\000S\000p\000e\000c\000t\000r\000a\000l\000\040\000L\000a\000b\000e\000l\000\040\000C\000o\000n\000s\000t\000r\000u\000c\000t\000i\000o\000n}{section.3}% 10
\BOOKMARK [1][-]{section.4}{\376\377\000C\0003\000\040\000U\000n\000i\000t\000\040\000I\000n\000t\000e\000r\000f\000a\000c\000e\000\040\000T\000a\000b\000l\000e}{}% 11
\BOOKMARK [1][-]{section.5}{\376\377\000P\000r\000o\000v\000e\000n\000a\000n\000c\000e\000\040\000C\000h\000a\000i\000n}{}% 12
\BOOKMARK [1][-]{section.6}{\376\377\000N\000a\000m\000i\000n\000g\000\040\000C\000o\000n\000v\000e\000n\000t\000i\000o\000n\000\040\000R\000u\000l\000e\000s}{}% 13
\BOOKMARK [1][-]{section.7}{\376\377\000C\000o\000m\000p\000l\000e\000t\000e\000\040\000H\0003\000\040\000R\000o\000u\000t\000i\000n\000g\000\040\000M\000a\000p}{}% 14
\BOOKMARK [2][-]{subsection.7.1}{\376\377\000G\000l\000o\000b\000a\000l\000\040\000S\000t\000a\000t\000i\000s\000t\000i\000c\000s}{section.7}% 15
\BOOKMARK [2][-]{subsection.7.2}{\376\377\000P\000e\000r\000-\000U\000n\000i\000t\000\040\000D\000e\000m\000a\000n\000d\000\040\000S\000u\000m\000m\000a\000r\000y}{section.7}% 16
\BOOKMARK [2][-]{subsection.7.3}{\376\377\000H\000o\000r\000i\000z\000o\000n\000\040\000U\000s\000a\000g\000e\000\040\000D\000i\000s\000t\000r\000i\000b\000u\000t\000i\000o\000n}{section.7}% 17
\BOOKMARK [2][-]{subsection.7.4}{\376\377\000M\000o\000r\000p\000h\000\040\000U\000s\000a\000g\000e\000\040\000D\000i\000s\000t\000r\000i\000b\000u\000t\000i\000o\000n}{section.7}% 18
\BOOKMARK [2][-]{subsection.7.5}{\376\377\000L\000a\000w\000\040\000U\000s\000a\000g\000e}{section.7}% 19
\BOOKMARK [2][-]{subsection.7.6}{\376\377\000R\0003\000\040\000F\000e\000a\000t\000u\000r\000e\000\040\000R\000o\000u\000t\000i\000n\000g\000\040\000T\000a\000b\000l\000e\000\040\000\050\000v\0001\000,\000\040\000[\0000\000:\0004\0008\000]\000\051}{section.7}% 20
\BOOKMARK [2][-]{subsection.7.7}{\376\377\000U\000n\000i\000t\040\023\000F\000e\000a\000t\000u\000r\000e\000\040\000A\000f\000f\000i\000n\000i\000t\000y\000\040\000M\000a\000t\000r\000i\000x}{section.7}% 21
\BOOKMARK [2][-]{subsection.7.8}{\376\377\000P\000e\000r\000-\000U\000n\000i\000t\000\040\000D\000e\000t\000a\000i\000l\000e\000d\000\040\000R\000o\000u\000t\000i\000n\000g}{section.7}% 22
\BOOKMARK [2][-]{subsection.7.9}{\376\377\000P\000e\000r\000-\000M\000o\000d\000e\000l\000\040\000D\000e\000m\000a\000n\000d\000\040\000C\000o\000u\000n\000t\000s}{section.7}% 23
\BOOKMARK [2][-]{subsection.7.10}{\376\377\000U\000n\000i\000v\000e\000r\000s\000a\000l\000\040\000v\000s\000.\000\040\000S\000p\000e\000c\000i\000a\000l\000i\000z\000e\000d\000\040\000F\000e\000a\000t\000u\000r\000e\000s}{section.7}% 24
