\BOOKMARK [1][-]{section.1}{\376\377\000I\000n\000t\000r\000o\000d\000u\000c\000t\000i\000o\000n}{}% 1
\BOOKMARK [2][-]{subsection.1.1}{\376\377\000T\000h\000e\000\040\000F\000r\000a\000g\000m\000e\000n\000t\000a\000t\000i\000o\000n\000\040\000P\000r\000o\000b\000l\000e\000m}{section.1}% 2
\BOOKMARK [2][-]{subsection.1.2}{\376\377\000A\000\040\000S\000y\000s\000t\000e\000m\000a\000t\000i\000c\000\040\000A\000p\000p\000r\000o\000a\000c\000h\000:\000\040\000T\000h\000e\000\040\000C\0003\000\040\000F\000r\000a\000m\000e\000w\000o\000r\000k}{section.1}% 3
\BOOKMARK [2][-]{subsection.1.3}{\376\377\000O\000b\000j\000e\000c\000t\000i\000v\000e\000s\000\040\000a\000n\000d\000\040\000C\000o\000n\000t\000r\000i\000b\000u\000t\000i\000o\000n\000s}{section.1}% 4
\BOOKMARK [1][-]{section.2}{\376\377\000M\000e\000t\000h\000o\000d\000s}{}% 5
\BOOKMARK [2][-]{subsection.2.1}{\376\377\000M\000e\000t\000h\000o\000d\000o\000l\000o\000g\000y\000\040\000D\000e\000v\000e\000l\000o\000p\000m\000e\000n\000t}{section.2}% 6
\BOOKMARK [2][-]{subsection.2.2}{\376\377\000S\000e\000a\000r\000c\000h\000\040\000S\000t\000r\000a\000t\000e\000g\000y}{section.2}% 7
\BOOKMARK [3][-]{subsubsection.2.2.1}{\376\377\000R\000e\000g\000i\000s\000t\000r\000a\000t\000i\000o\000n\000\040\000a\000n\000d\000\040\000P\000r\000o\000t\000o\000c\000o\000l}{subsection.2.2}% 8
\BOOKMARK [3][-]{subsubsection.2.2.2}{\376\377\000D\000a\000t\000a\000b\000a\000s\000e\000\040\000S\000o\000u\000r\000c\000e\000s}{subsection.2.2}% 9
\BOOKMARK [3][-]{subsubsection.2.2.3}{\376\377\000S\000e\000a\000r\000c\000h\000\040\000T\000e\000r\000m\000s}{subsection.2.2}% 10
\BOOKMARK [2][-]{subsection.2.3}{\376\377\000E\000l\000i\000g\000i\000b\000i\000l\000i\000t\000y\000\040\000C\000r\000i\000t\000e\000r\000i\000a}{section.2}% 11
\BOOKMARK [3][-]{subsubsection.2.3.1}{\376\377\000I\000n\000c\000l\000u\000s\000i\000o\000n\000\040\000C\000r\000i\000t\000e\000r\000i\000a}{subsection.2.3}% 12
\BOOKMARK [3][-]{subsubsection.2.3.2}{\376\377\000E\000x\000c\000l\000u\000s\000i\000o\000n\000\040\000C\000r\000i\000t\000e\000r\000i\000a}{subsection.2.3}% 13
\BOOKMARK [2][-]{subsection.2.4}{\376\377\000D\000a\000t\000a\000\040\000E\000x\000t\000r\000a\000c\000t\000i\000o\000n\000\040\000a\000n\000d\000\040\000P\000i\000p\000e\000l\000i\000n\000e\000\040\000A\000r\000c\000h\000i\000t\000e\000c\000t\000u\000r\000e}{section.2}% 14
\BOOKMARK [3][-]{subsubsection.2.4.1}{\376\377\000V\0003\000.\0000\000\040\000E\000x\000t\000r\000a\000c\000t\000i\000o\000n\000\040\000S\000c\000h\000e\000m\000a}{subsection.2.4}% 15
\BOOKMARK [3][-]{subsubsection.2.4.2}{\376\377\000S\000t\000r\000u\000c\000t\000u\000r\000e\000d\000\040\000E\000x\000t\000r\000a\000c\000t\000i\000o\000n\000\040\000M\000e\000t\000h\000o\000d\000o\000l\000o\000g\000y}{subsection.2.4}% 16
\BOOKMARK [3][-]{subsubsection.2.4.3}{\376\377\000S\000e\000v\000e\000n\000-\000G\000a\000t\000e\000\040\000V\000e\000r\000i\000f\000i\000c\000a\000t\000i\000o\000n\000\040\000S\000y\000s\000t\000e\000m}{subsection.2.4}% 17
\BOOKMARK [3][-]{subsubsection.2.4.4}{\376\377\000E\000i\000g\000h\000t\000-\000S\000t\000a\000g\000e\000\040\000P\000i\000p\000e\000l\000i\000n\000e\000\040\000A\000r\000c\000h\000i\000t\000e\000c\000t\000u\000r\000e}{subsection.2.4}% 18
\BOOKMARK [2][-]{subsection.2.5}{\376\377\000S\000t\000a\000t\000i\000s\000t\000i\000c\000a\000l\000\040\000A\000n\000a\000l\000y\000s\000i\000s}{section.2}% 19
\BOOKMARK [3][-]{subsubsection.2.5.1}{\376\377\000E\000f\000f\000e\000c\000t\000\040\000S\000i\000z\000e\000\040\000C\000a\000l\000c\000u\000l\000a\000t\000i\000o\000n}{subsection.2.5}% 20
\BOOKMARK [3][-]{subsubsection.2.5.2}{\376\377\000M\000e\000t\000a\000-\000A\000n\000a\000l\000y\000t\000i\000c\000\040\000M\000o\000d\000e\000l\000s}{subsection.2.5}% 21
\BOOKMARK [3][-]{subsubsection.2.5.3}{\376\377\000P\000u\000b\000l\000i\000c\000a\000t\000i\000o\000n\000\040\000B\000i\000a\000s\000\040\000A\000s\000s\000e\000s\000s\000m\000e\000n\000t}{subsection.2.5}% 22
\BOOKMARK [3][-]{subsubsection.2.5.4}{\376\377\000R\000i\000s\000k\000\040\000o\000f\000\040\000B\000i\000a\000s\000\040\000A\000s\000s\000e\000s\000s\000m\000e\000n\000t}{subsection.2.5}% 23
\BOOKMARK [3][-]{subsubsection.2.5.5}{\376\377\000M\000o\000d\000e\000r\000a\000t\000o\000r\000\040\000A\000n\000a\000l\000y\000s\000i\000s}{subsection.2.5}% 24
\BOOKMARK [3][-]{subsubsection.2.5.6}{\376\377\000P\000o\000s\000t\000-\000H\000o\000c\000\040\000P\000o\000w\000e\000r\000\040\000A\000n\000a\000l\000y\000s\000i\000s}{subsection.2.5}% 25
\BOOKMARK [1][-]{section.3}{\376\377\000R\000e\000s\000u\000l\000t\000s}{}% 26
\BOOKMARK [2][-]{subsection.3.1}{\376\377\000S\000t\000u\000d\000y\000\040\000S\000e\000l\000e\000c\000t\000i\000o\000n}{section.3}% 27
\BOOKMARK [2][-]{subsection.3.2}{\376\377\000M\000o\000d\000e\000r\000a\000t\000o\000r\000\040\000A\000n\000a\000l\000y\000s\000i\000s\000:\000\040\000S\000a\000m\000p\000l\000e\000\040\000S\000i\000z\000e\000\040\000E\000f\000f\000e\000c\000t\000s}{section.3}% 28
\BOOKMARK [2][-]{subsection.3.3}{\376\377\000U\000n\000i\000t\000-\000S\000p\000e\000c\000i\000f\000i\000c\000\040\000F\000i\000n\000d\000i\000n\000g\000s}{section.3}% 29
\BOOKMARK [3][-]{subsubsection.3.3.1}{\376\377\000S\000p\000e\000c\000t\000r\000a\000l\000\040\000P\000r\000o\000c\000e\000s\000s\000i\000n\000g\000\040\000U\000n\000i\000t\000\040\000\050\000S\000P\000U\000\051}{subsection.3.3}% 30
\BOOKMARK [3][-]{subsubsection.3.3.2}{\376\377\000E\000f\000f\000e\000c\000t\000\040\000S\000i\000z\000e\000s}{subsection.3.3}% 31
\BOOKMARK [3][-]{subsubsection.3.3.3}{\376\377\000K\000e\000y\000\040\000T\000h\000e\000o\000r\000e\000t\000i\000c\000a\000l\000\040\000M\000o\000d\000e\000l\000s}{subsection.3.3}% 32
\BOOKMARK [2][-]{subsection.3.4}{\376\377\000S\000e\000n\000s\000o\000r\000i\000m\000o\000t\000o\000r\000\040\000T\000i\000m\000i\000n\000g\000\040\000U\000n\000i\000t\000\040\000\050\000S\000T\000U\000\051}{section.3}% 33
\BOOKMARK [3][-]{subsubsection.3.4.1}{\376\377\000N\000e\000u\000r\000a\000l\000\040\000S\000u\000b\000s\000t\000r\000a\000t\000e\000s}{subsection.3.4}% 34
\BOOKMARK [3][-]{subsubsection.3.4.2}{\376\377\000E\000f\000f\000e\000c\000t\000\040\000S\000i\000z\000e\000s}{subsection.3.4}% 35
\BOOKMARK [3][-]{subsubsection.3.4.3}{\376\377\000K\000e\000y\000\040\000T\000h\000e\000o\000r\000e\000t\000i\000c\000a\000l\000\040\000M\000o\000d\000e\000l\000s}{subsection.3.4}% 36
\BOOKMARK [2][-]{subsection.3.5}{\376\377\000I\000n\000t\000e\000g\000r\000a\000t\000i\000v\000e\000\040\000M\000e\000m\000o\000r\000y\000\040\000U\000n\000i\000t\000\040\000\050\000I\000M\000U\000\051}{section.3}% 37
\BOOKMARK [3][-]{subsubsection.3.5.1}{\376\377\000N\000e\000u\000r\000a\000l\000\040\000S\000u\000b\000s\000t\000r\000a\000t\000e\000s}{subsection.3.5}% 38
\BOOKMARK [3][-]{subsubsection.3.5.2}{\376\377\000E\000f\000f\000e\000c\000t\000\040\000S\000i\000z\000e\000s}{subsection.3.5}% 39
\BOOKMARK [3][-]{subsubsection.3.5.3}{\376\377\000K\000e\000y\000\040\000T\000h\000e\000o\000r\000e\000t\000i\000c\000a\000l\000\040\000M\000o\000d\000e\000l\000s}{subsection.3.5}% 40
\BOOKMARK [2][-]{subsection.3.6}{\376\377\000A\000f\000f\000e\000c\000t\000i\000v\000e\000\040\000R\000e\000s\000o\000n\000a\000n\000c\000e\000\040\000U\000n\000i\000t\000\040\000\050\000A\000R\000U\000\051}{section.3}% 41
\BOOKMARK [3][-]{subsubsection.3.6.1}{\376\377\000N\000e\000u\000r\000a\000l\000\040\000S\000u\000b\000s\000t\000r\000a\000t\000e\000s}{subsection.3.6}% 42
\BOOKMARK [3][-]{subsubsection.3.6.2}{\376\377\000E\000f\000f\000e\000c\000t\000\040\000S\000i\000z\000e\000s}{subsection.3.6}% 43
\BOOKMARK [3][-]{subsubsection.3.6.3}{\376\377\000K\000e\000y\000\040\000T\000h\000e\000o\000r\000e\000t\000i\000c\000a\000l\000\040\000M\000o\000d\000e\000l\000s}{subsection.3.6}% 44
\BOOKMARK [3][-]{subsubsection.3.6.4}{\376\377\000P\000a\000t\000h\000w\000a\000y\000\040\0001\000:\000\040\000C\000o\000n\000s\000o\000n\000a\000n\000c\000e\000\040\000\040\000P\000l\000e\000a\000s\000u\000r\000e\000\040\000\050\000S\000P\000U\000\040\000\040\000A\000R\000U\000\051}{subsection.3.6}% 45
\BOOKMARK [3][-]{subsubsection.3.6.5}{\376\377\000P\000a\000t\000h\000w\000a\000y\000\040\0002\000:\000\040\000B\000e\000a\000t\000\040\000\040\000M\000o\000t\000o\000r\000\040\000S\000y\000n\000c\000h\000r\000o\000n\000i\000z\000a\000t\000i\000o\000n\000\040\000\050\000S\000T\000U\000\051}{subsection.3.6}% 46
\BOOKMARK [3][-]{subsubsection.3.6.6}{\376\377\000P\000a\000t\000h\000w\000a\000y\000\040\0003\000:\000\040\000M\000u\000s\000i\000c\000\040\000\040\000A\000u\000t\000o\000b\000i\000o\000g\000r\000a\000p\000h\000i\000c\000a\000l\000\040\000M\000e\000m\000o\000r\000y\000\040\000\050\000I\000M\000U\000\040\000\040\000A\000R\000U\000\051}{subsection.3.6}% 47
\BOOKMARK [3][-]{subsubsection.3.6.7}{\376\377\000P\000a\000t\000h\000w\000a\000y\000\040\0004\000:\000\040\000T\000e\000m\000p\000o\000r\000a\000l\000\040\000H\000i\000e\000r\000a\000r\000c\000h\000y\000\040\000\040\000P\000r\000e\000d\000i\000c\000t\000i\000o\000n\000\040\000\050\000S\000T\000U\000\051}{subsection.3.6}% 48
\BOOKMARK [3][-]{subsubsection.3.6.8}{\376\377\000P\000a\000t\000h\000w\000a\000y\000\040\0005\000:\000\040\000T\000e\000m\000p\000o\000\040\000\040\000E\000m\000o\000t\000i\000o\000n\000\040\000\050\000S\000T\000U\000\040\000\040\000A\000R\000U\000\051}{subsection.3.6}% 49
\BOOKMARK [2][-]{subsection.3.7}{\376\377\000Q\000u\000a\000n\000t\000i\000t\000a\000t\000i\000v\000e\000\040\000P\000a\000t\000h\000w\000a\000y\000\040\000S\000t\000r\000e\000n\000g\000t\000h\000\040\000M\000a\000t\000r\000i\000x}{section.3}% 50
\BOOKMARK [2][-]{subsection.3.8}{\376\377\000H\000u\000b\000\040\000R\000e\000g\000i\000o\000n\000s}{section.3}% 51
\BOOKMARK [1][-]{section.4}{\376\377\000R\0003\000\040\000D\000i\000m\000e\000n\000s\000i\000o\000n\000a\000l\000\040\000C\000o\000v\000e\000r\000a\000g\000e}{}% 52
\BOOKMARK [2][-]{subsection.4.1}{\376\377\000L\000a\000y\000e\000r\000\040\000D\000i\000s\000t\000r\000i\000b\000u\000t\000i\000o\000n}{section.4}% 53
\BOOKMARK [2][-]{subsection.4.2}{\376\377\000U\000n\000i\000t\000-\000L\000a\000y\000e\000r\000\040\000S\000p\000e\000c\000i\000a\000l\000i\000z\000a\000t\000i\000o\000n}{section.4}% 54
\BOOKMARK [1][-]{section.5}{\376\377\000D\000e\000t\000a\000i\000l\000e\000d\000\040\000T\000h\000e\000o\000r\000e\000t\000i\000c\000a\000l\000\040\000M\000o\000d\000e\000l\000s}{}% 55
\BOOKMARK [2][-]{subsection.5.1}{\376\377\000S\000p\000e\000c\000t\000r\000a\000l\000\040\000P\000r\000o\000c\000e\000s\000s\000i\000n\000g\000\040\000U\000n\000i\000t\000\040\000\050\000S\000P\000U\000\051\000\040\000D\000e\000t\000a\000i\000l\000e\000d\000\040\000M\000o\000d\000e\000l\000s}{section.5}% 56
\BOOKMARK [3][-]{subsubsection.5.1.1}{\376\377\000K\000e\000y\000\040\000T\000h\000e\000o\000r\000e\000t\000i\000c\000a\000l\000\040\000M\000o\000d\000e\000l\000s}{subsection.5.1}% 57
\BOOKMARK [3][-]{subsubsection.5.1.2}{\376\377\000T\000i\000e\000r\000\040\000\040\000M\000o\000d\000e\000l\000s\000:\000\040\000P\000i\000t\000c\000h\000\040\000S\000a\000l\000i\000e\000n\000c\000e\000\040\000C\000o\000r\000t\000i\000c\000a\000l\000\040\000L\000o\000c\000a\000l\000i\000z\000a\000t\000i\000o\000n\000\040\000\050\000P\000S\000C\000L\000\051}{subsection.5.1}% 58
\BOOKMARK [3][-]{subsubsection.5.1.3}{\376\377\000T\000i\000e\000r\000\040\000\040\000M\000o\000d\000e\000l\000s\000:\000\040\000P\000i\000t\000c\000h\000\040\000C\000h\000r\000o\000m\000a\000\040\000C\000o\000r\000t\000i\000c\000a\000l\000\040\000R\000e\000p\000r\000e\000s\000e\000n\000t\000a\000t\000i\000o\000n\000\040\000\050\000P\000C\000C\000R\000\051}{subsection.5.1}% 59
\BOOKMARK [3][-]{subsubsection.5.1.4}{\376\377\000T\000i\000e\000r\000\040\000\040\000M\000o\000d\000e\000l\000s\000:\000\040\000S\000P\000U\000\040\000I\000n\000t\000e\000g\000r\000a\000t\000i\000v\000e\000\040\000M\000o\000d\000e\000l\000s}{subsection.5.1}% 60
\BOOKMARK [3][-]{subsubsection.5.1.5}{\376\377\000T\000i\000e\000r\000\040\000\040\000M\000o\000d\000e\000l\000s\000:\000\040\000S\000P\000U\000\040\000S\000p\000e\000c\000u\000l\000a\000t\000i\000v\000e\000\040\000M\000o\000d\000e\000l\000s}{subsection.5.1}% 61
\BOOKMARK [2][-]{subsection.5.2}{\376\377\000S\000e\000n\000s\000o\000r\000i\000m\000o\000t\000o\000r\000\040\000T\000i\000m\000i\000n\000g\000\040\000U\000n\000i\000t\000\040\000\050\000S\000T\000U\000\051}{section.5}% 62
\BOOKMARK [3][-]{subsubsection.5.2.1}{\376\377\000N\000e\000u\000r\000a\000l\000\040\000S\000u\000b\000s\000t\000r\000a\000t\000e\000s}{subsection.5.2}% 63
\BOOKMARK [3][-]{subsubsection.5.2.2}{\376\377\000E\000f\000f\000e\000c\000t\000\040\000S\000i\000z\000e\000s}{subsection.5.2}% 64
\BOOKMARK [3][-]{subsubsection.5.2.3}{\376\377\000T\000i\000e\000r\000\040\000\040\000M\000o\000d\000e\000l\000s\000:\000\040\000H\000i\000e\000r\000a\000r\000c\000h\000i\000c\000a\000l\000\040\000M\000u\000s\000i\000c\000a\000l\000\040\000C\000o\000n\000t\000e\000x\000t\000\040\000E\000n\000c\000o\000d\000i\000n\000g\000\040\000\050\000H\000M\000C\000E\000\051}{subsection.5.2}% 65
\BOOKMARK [3][-]{subsubsection.5.2.4}{\376\377\000T\000i\000e\000r\000\040\000\040\000M\000o\000d\000e\000l\000s\000:\000\040\000A\000u\000d\000i\000t\000o\000r\000y\000-\000M\000o\000t\000o\000r\000\040\000S\000t\000r\000e\000a\000m\000\040\000C\000o\000u\000p\000l\000i\000n\000g\000\040\000\050\000A\000M\000S\000C\000\051}{subsection.5.2}% 66
\BOOKMARK [3][-]{subsubsection.5.2.5}{\376\377\000T\000i\000e\000r\000\040\000\040\000M\000o\000d\000e\000l\000s\000:\000\040\000M\000e\000l\000o\000d\000y\000\040\000D\000e\000c\000o\000d\000i\000n\000g\000\040\000f\000r\000o\000m\000\040\000N\000e\000u\000r\000a\000l\000\040\000S\000i\000g\000n\000a\000l\000s\000\040\000\050\000M\000D\000N\000S\000\051}{subsection.5.2}% 67
\BOOKMARK [3][-]{subsubsection.5.2.6}{\376\377\000T\000i\000e\000r\000\040\000\040\000M\000o\000d\000e\000l\000s\000:\000\040\000S\000T\000U\000\040\000I\000n\000t\000e\000g\000r\000a\000t\000i\000v\000e\000\040\000M\000o\000d\000e\000l\000s}{subsection.5.2}% 68
\BOOKMARK [3][-]{subsubsection.5.2.7}{\376\377\000T\000i\000e\000r\000\040\000\040\000M\000o\000d\000e\000l\000s\000:\000\040\000S\000T\000U\000\040\000S\000p\000e\000c\000u\000l\000a\000t\000i\000v\000e\000\040\000M\000o\000d\000e\000l\000s}{subsection.5.2}% 69
\BOOKMARK [2][-]{subsection.5.3}{\376\377\000I\000n\000t\000e\000g\000r\000a\000t\000i\000v\000e\000\040\000M\000e\000m\000o\000r\000y\000\040\000U\000n\000i\000t\000\040\000\050\000I\000M\000U\000\051}{section.5}% 70
\BOOKMARK [3][-]{subsubsection.5.3.1}{\376\377\000N\000e\000u\000r\000a\000l\000\040\000S\000u\000b\000s\000t\000r\000a\000t\000e\000s}{subsection.5.3}% 71
\BOOKMARK [3][-]{subsubsection.5.3.2}{\376\377\000E\000f\000f\000e\000c\000t\000\040\000S\000i\000z\000e\000s}{subsection.5.3}% 72
\BOOKMARK [3][-]{subsubsection.5.3.3}{\376\377\000T\000i\000e\000r\000\040\000\040\000M\000o\000d\000e\000l\000s\000:\000\040\000M\000u\000s\000i\000c\000-\000E\000v\000o\000k\000e\000d\000\040\000A\000u\000t\000o\000b\000i\000o\000g\000r\000a\000p\000h\000i\000c\000a\000l\000\040\000M\000e\000m\000o\000r\000y\000\040\000N\000e\000t\000w\000o\000r\000k\000\040\000\050\000M\000E\000A\000M\000N\000\051}{subsection.5.3}% 73
\BOOKMARK [3][-]{subsubsection.5.3.4}{\376\377\000T\000i\000e\000r\000\040\000\040\000M\000o\000d\000e\000l\000s\000:\000\040\000P\000y\000t\000h\000a\000g\000o\000r\000e\000a\000n\000\040\000N\000e\000u\000r\000a\000l\000\040\000H\000i\000e\000r\000a\000r\000c\000h\000y\000\040\000\050\000P\000N\000H\000\051}{subsection.5.3}% 74
\BOOKMARK [3][-]{subsubsection.5.3.5}{\376\377\000T\000i\000e\000r\000\040\000\040\000M\000o\000d\000e\000l\000s\000:\000\040\000M\000u\000s\000i\000c\000a\000l\000\040\000M\000n\000e\000m\000o\000n\000i\000c\000\040\000P\000r\000e\000s\000e\000r\000v\000a\000t\000i\000o\000n\000\040\000\050\000M\000M\000P\000\051}{subsection.5.3}% 75
\BOOKMARK [3][-]{subsubsection.5.3.6}{\376\377\000T\000i\000e\000r\000\040\000\040\000M\000o\000d\000e\000l\000s\000:\000\040\000I\000M\000U\000\040\000I\000n\000t\000e\000g\000r\000a\000t\000i\000v\000e\000\040\000M\000o\000d\000e\000l\000s}{subsection.5.3}% 76
\BOOKMARK [3][-]{subsubsection.5.3.7}{\376\377\000T\000i\000e\000r\000\040\000\040\000M\000o\000d\000e\000l\000s\000:\000\040\000I\000M\000U\000\040\000S\000p\000e\000c\000u\000l\000a\000t\000i\000v\000e\000\040\000M\000o\000d\000e\000l\000s}{subsection.5.3}% 77
\BOOKMARK [2][-]{subsection.5.4}{\376\377\000A\000f\000f\000e\000c\000t\000i\000v\000e\000\040\000R\000e\000s\000o\000n\000a\000n\000c\000e\000\040\000U\000n\000i\000t\000\040\000\050\000A\000R\000U\000\051}{section.5}% 78
\BOOKMARK [3][-]{subsubsection.5.4.1}{\376\377\000N\000e\000u\000r\000a\000l\000\040\000S\000u\000b\000s\000t\000r\000a\000t\000e\000s}{subsection.5.4}% 79
\BOOKMARK [3][-]{subsubsection.5.4.2}{\376\377\000E\000f\000f\000e\000c\000t\000\040\000S\000i\000z\000e\000s}{subsection.5.4}% 80
\BOOKMARK [3][-]{subsubsection.5.4.3}{\376\377\000T\000i\000e\000r\000\040\000\040\000M\000o\000d\000e\000l\000s\000:\000\040\000S\000t\000r\000i\000a\000t\000a\000l\000\040\000R\000e\000w\000a\000r\000d\000\040\000P\000a\000t\000h\000w\000a\000y\000\040\000\050\000S\000R\000P\000\051}{subsection.5.4}% 81
\BOOKMARK [3][-]{subsubsection.5.4.4}{\376\377\000T\000i\000e\000r\000\040\000\040\000M\000o\000d\000e\000l\000s\000:\000\040\000A\000u\000t\000o\000n\000o\000m\000i\000c\000-\000A\000f\000f\000e\000c\000t\000i\000v\000e\000\040\000C\000o\000u\000p\000l\000i\000n\000g\000\040\000\050\000A\000A\000C\000\051}{subsection.5.4}% 82
\BOOKMARK [3][-]{subsubsection.5.4.5}{\376\377\000T\000i\000e\000r\000\040\000\040\000M\000o\000d\000e\000l\000s\000:\000\040\000V\000a\000l\000e\000n\000c\000e\000-\000M\000o\000d\000e\000\040\000M\000a\000p\000p\000i\000n\000g\000\040\000\050\000V\000M\000M\000\051}{subsection.5.4}% 83
\BOOKMARK [3][-]{subsubsection.5.4.6}{\376\377\000T\000i\000e\000r\000\040\000\040\000M\000o\000d\000e\000l\000s\000:\000\040\000A\000R\000U\000\040\000I\000n\000t\000e\000g\000r\000a\000t\000i\000v\000e\000\040\000M\000o\000d\000e\000l\000s}{subsection.5.4}% 84
\BOOKMARK [3][-]{subsubsection.5.4.7}{\376\377\000T\000i\000e\000r\000\040\000\040\000M\000o\000d\000e\000l\000s\000:\000\040\000A\000R\000U\000\040\000S\000p\000e\000c\000u\000l\000a\000t\000i\000v\000e\000\040\000M\000o\000d\000e\000l\000s}{subsection.5.4}% 85
\BOOKMARK [1][-]{section.6}{\376\377\000D\000i\000s\000c\000u\000s\000s\000i\000o\000n}{}% 86
\BOOKMARK [2][-]{subsection.6.1}{\376\377\000P\000r\000i\000n\000c\000i\000p\000a\000l\000\040\000F\000i\000n\000d\000i\000n\000g\000s}{section.6}% 87
\BOOKMARK [2][-]{subsection.6.2}{\376\377\000T\000h\000e\000o\000r\000e\000t\000i\000c\000a\000l\000\040\000I\000m\000p\000l\000i\000c\000a\000t\000i\000o\000n\000s}{section.6}% 88
\BOOKMARK [3][-]{subsubsection.6.2.1}{\376\377\000R\000e\000c\000o\000n\000c\000i\000l\000i\000n\000g\000\040\000M\000o\000d\000u\000l\000a\000r\000i\000t\000y\000\040\000a\000n\000d\000\040\000I\000n\000t\000e\000g\000r\000a\000t\000i\000o\000n}{subsection.6.2}% 89
\BOOKMARK [3][-]{subsubsection.6.2.2}{\376\377\000P\000r\000e\000d\000i\000c\000t\000i\000v\000e\000\040\000P\000r\000o\000c\000e\000s\000s\000i\000n\000g\000\040\000i\000n\000\040\000M\000u\000s\000i\000c}{subsection.6.2}% 90
\BOOKMARK [3][-]{subsubsection.6.2.3}{\376\377\000B\000r\000a\000i\000n\000s\000t\000e\000m\000\040\000C\000o\000n\000t\000r\000i\000b\000u\000t\000i\000o\000n\000s}{subsection.6.2}% 91
\BOOKMARK [3][-]{subsubsection.6.2.4}{\376\377\000C\000o\000m\000p\000a\000r\000i\000s\000o\000n\000\040\000w\000i\000t\000h\000\040\000E\000x\000i\000s\000t\000i\000n\000g\000\040\000F\000r\000a\000m\000e\000w\000o\000r\000k\000s}{subsection.6.2}% 92
\BOOKMARK [2][-]{subsection.6.3}{\376\377\000C\000l\000i\000n\000i\000c\000a\000l\000\040\000I\000m\000p\000l\000i\000c\000a\000t\000i\000o\000n\000s}{section.6}% 93
\BOOKMARK [2][-]{subsection.6.4}{\376\377\000L\000i\000m\000i\000t\000a\000t\000i\000o\000n\000s}{section.6}% 94
\BOOKMARK [3][-]{subsubsection.6.4.1}{\376\377\000P\000u\000b\000l\000i\000c\000a\000t\000i\000o\000n\000\040\000B\000i\000a\000s\000:\000\040\000M\000u\000l\000t\000i\000-\000M\000e\000t\000h\000o\000d\000\040\000A\000s\000s\000e\000s\000s\000m\000e\000n\000t}{subsection.6.4}% 95
\BOOKMARK [3][-]{subsubsection.6.4.2}{\376\377\000H\000e\000t\000e\000r\000o\000g\000e\000n\000e\000i\000t\000y\000:\000\040\000M\000u\000l\000t\000i\000-\000L\000e\000v\000e\000l\000\040\000A\000n\000a\000l\000y\000s\000i\000s}{subsection.6.4}% 96
\BOOKMARK [3][-]{subsubsection.6.4.3}{\376\377\000S\000e\000n\000s\000i\000t\000i\000v\000i\000t\000y\000\040\000A\000n\000a\000l\000y\000s\000e\000s}{subsection.6.4}% 97
\BOOKMARK [3][-]{subsubsection.6.4.4}{\376\377\000C\000r\000o\000s\000s\000-\000C\000u\000l\000t\000u\000r\000a\000l\000\040\000G\000e\000n\000e\000r\000a\000l\000i\000z\000a\000b\000i\000l\000i\000t\000y\000:\000\040\000Q\000u\000a\000n\000t\000i\000f\000i\000e\000d\000\040\000A\000s\000s\000e\000s\000s\000m\000e\000n\000t}{subsection.6.4}% 98
\BOOKMARK [3][-]{subsubsection.6.4.5}{\376\377\000T\000i\000e\000r\000\040\0001\040\023\0002\000\040\000E\000v\000i\000d\000e\000n\000c\000e\000:\000\040\000H\000i\000g\000h\000-\000C\000o\000n\000f\000i\000d\000e\000n\000c\000e\000\040\000F\000i\000n\000d\000i\000n\000g\000s}{subsection.6.4}% 99
\BOOKMARK [3][-]{subsubsection.6.4.6}{\376\377\000C\000a\000u\000s\000a\000l\000i\000t\000y\000\040\000L\000i\000m\000i\000t\000a\000t\000i\000o\000n\000s}{subsection.6.4}% 100
\BOOKMARK [3][-]{subsubsection.6.4.7}{\376\377\000A\000d\000d\000i\000t\000i\000o\000n\000a\000l\000\040\000M\000e\000t\000h\000o\000d\000o\000l\000o\000g\000i\000c\000a\000l\000\040\000C\000o\000n\000s\000i\000d\000e\000r\000a\000t\000i\000o\000n\000s}{subsection.6.4}% 101
\BOOKMARK [3][-]{subsubsection.6.4.8}{\376\377\000P\000r\000o\000p\000o\000s\000e\000d\000\040\000M\000e\000t\000h\000o\000d\000o\000l\000o\000g\000i\000c\000a\000l\000\040\000I\000m\000p\000r\000o\000v\000e\000m\000e\000n\000t\000s\000\040\000f\000o\000r\000\040\000F\000u\000t\000u\000r\000e\000\040\000R\000e\000v\000i\000s\000i\000o\000n\000s}{subsection.6.4}% 102
\BOOKMARK [2][-]{subsection.6.5}{\376\377\000F\000u\000t\000u\000r\000e\000\040\000D\000i\000r\000e\000c\000t\000i\000o\000n\000s}{section.6}% 103
\BOOKMARK [3][-]{subsubsection.6.5.1}{\376\377\000K\000e\000y\000\040\000T\000h\000e\000o\000r\000e\000t\000i\000c\000a\000l\000\040\000M\000o\000d\000e\000l\000s}{subsection.6.5}% 104
\BOOKMARK [3][-]{subsubsection.6.5.2}{\376\377\000T\000i\000e\000r\000\040\000\040\000M\000o\000d\000e\000l\000s\000:\000\040\000P\000i\000t\000c\000h\000\040\000S\000a\000l\000i\000e\000n\000c\000e\000\040\000C\000o\000r\000t\000i\000c\000a\000l\000\040\000L\000o\000c\000a\000l\000i\000z\000a\000t\000i\000o\000n\000\040\000\050\000P\000S\000C\000L\000\051}{subsection.6.5}% 105
\BOOKMARK [3][-]{subsubsection.6.5.3}{\376\377\000T\000i\000e\000r\000\040\000\040\000M\000o\000d\000e\000l\000s\000:\000\040\000P\000i\000t\000c\000h\000\040\000C\000h\000r\000o\000m\000a\000\040\000C\000o\000r\000t\000i\000c\000a\000l\000\040\000R\000e\000p\000r\000e\000s\000e\000n\000t\000a\000t\000i\000o\000n\000\040\000\050\000P\000C\000C\000R\000\051}{subsection.6.5}% 106
\BOOKMARK [3][-]{subsubsection.6.5.4}{\376\377\000T\000i\000e\000r\000\040\000\040\000M\000o\000d\000e\000l\000s\000:\000\040\000S\000P\000U\000\040\000I\000n\000t\000e\000g\000r\000a\000t\000i\000v\000e\000\040\000M\000o\000d\000e\000l\000s}{subsection.6.5}% 107
\BOOKMARK [3][-]{subsubsection.6.5.5}{\376\377\000T\000i\000e\000r\000\040\000\040\000M\000o\000d\000e\000l\000s\000:\000\040\000S\000P\000U\000\040\000S\000p\000e\000c\000u\000l\000a\000t\000i\000v\000e\000\040\000M\000o\000d\000e\000l\000s}{subsection.6.5}% 108
\BOOKMARK [2][-]{subsection.6.6}{\376\377\000S\000e\000n\000s\000o\000r\000i\000m\000o\000t\000o\000r\000\040\000T\000i\000m\000i\000n\000g\000\040\000U\000n\000i\000t\000\040\000\050\000S\000T\000U\000\051}{section.6}% 109
\BOOKMARK [3][-]{subsubsection.6.6.1}{\376\377\000N\000e\000u\000r\000a\000l\000\040\000S\000u\000b\000s\000t\000r\000a\000t\000e\000s}{subsection.6.6}% 110
\BOOKMARK [3][-]{subsubsection.6.6.2}{\376\377\000E\000f\000f\000e\000c\000t\000\040\000S\000i\000z\000e\000s}{subsection.6.6}% 111
\BOOKMARK [3][-]{subsubsection.6.6.3}{\376\377\000T\000i\000e\000r\000\040\000\040\000M\000o\000d\000e\000l\000s\000:\000\040\000H\000i\000e\000r\000a\000r\000c\000h\000i\000c\000a\000l\000\040\000M\000u\000s\000i\000c\000a\000l\000\040\000C\000o\000n\000t\000e\000x\000t\000\040\000E\000n\000c\000o\000d\000i\000n\000g\000\040\000\050\000H\000M\000C\000E\000\051}{subsection.6.6}% 112
\BOOKMARK [3][-]{subsubsection.6.6.4}{\376\377\000T\000i\000e\000r\000\040\000\040\000M\000o\000d\000e\000l\000s\000:\000\040\000A\000u\000d\000i\000t\000o\000r\000y\000-\000M\000o\000t\000o\000r\000\040\000S\000t\000r\000e\000a\000m\000\040\000C\000o\000u\000p\000l\000i\000n\000g\000\040\000\050\000A\000M\000S\000C\000\051}{subsection.6.6}% 113
\BOOKMARK [3][-]{subsubsection.6.6.5}{\376\377\000T\000i\000e\000r\000\040\000\040\000M\000o\000d\000e\000l\000s\000:\000\040\000M\000e\000l\000o\000d\000y\000\040\000D\000e\000c\000o\000d\000i\000n\000g\000\040\000f\000r\000o\000m\000\040\000N\000e\000u\000r\000a\000l\000\040\000S\000i\000g\000n\000a\000l\000s\000\040\000\050\000M\000D\000N\000S\000\051}{subsection.6.6}% 114
\BOOKMARK [3][-]{subsubsection.6.6.6}{\376\377\000T\000i\000e\000r\000\040\000\040\000M\000o\000d\000e\000l\000s\000:\000\040\000S\000T\000U\000\040\000I\000n\000t\000e\000g\000r\000a\000t\000i\000v\000e\000\040\000M\000o\000d\000e\000l\000s}{subsection.6.6}% 115
\BOOKMARK [3][-]{subsubsection.6.6.7}{\376\377\000T\000i\000e\000r\000\040\000\040\000M\000o\000d\000e\000l\000s\000:\000\040\000S\000T\000U\000\040\000S\000p\000e\000c\000u\000l\000a\000t\000i\000v\000e\000\040\000M\000o\000d\000e\000l\000s}{subsection.6.6}% 116
\BOOKMARK [2][-]{subsection.6.7}{\376\377\000I\000n\000t\000e\000g\000r\000a\000t\000i\000v\000e\000\040\000M\000e\000m\000o\000r\000y\000\040\000U\000n\000i\000t\000\040\000\050\000I\000M\000U\000\051}{section.6}% 117
\BOOKMARK [3][-]{subsubsection.6.7.1}{\376\377\000N\000e\000u\000r\000a\000l\000\040\000S\000u\000b\000s\000t\000r\000a\000t\000e\000s}{subsection.6.7}% 118
\BOOKMARK [3][-]{subsubsection.6.7.2}{\376\377\000E\000f\000f\000e\000c\000t\000\040\000S\000i\000z\000e\000s}{subsection.6.7}% 119
\BOOKMARK [3][-]{subsubsection.6.7.3}{\376\377\000T\000i\000e\000r\000\040\000\040\000M\000o\000d\000e\000l\000s\000:\000\040\000M\000u\000s\000i\000c\000-\000E\000v\000o\000k\000e\000d\000\040\000A\000u\000t\000o\000b\000i\000o\000g\000r\000a\000p\000h\000i\000c\000a\000l\000\040\000M\000e\000m\000o\000r\000y\000\040\000N\000e\000t\000w\000o\000r\000k\000\040\000\050\000M\000E\000A\000M\000N\000\051}{subsection.6.7}% 120
\BOOKMARK [3][-]{subsubsection.6.7.4}{\376\377\000T\000i\000e\000r\000\040\000\040\000M\000o\000d\000e\000l\000s\000:\000\040\000P\000y\000t\000h\000a\000g\000o\000r\000e\000a\000n\000\040\000N\000e\000u\000r\000a\000l\000\040\000H\000i\000e\000r\000a\000r\000c\000h\000y\000\040\000\050\000P\000N\000H\000\051}{subsection.6.7}% 121
\BOOKMARK [3][-]{subsubsection.6.7.5}{\376\377\000T\000i\000e\000r\000\040\000\040\000M\000o\000d\000e\000l\000s\000:\000\040\000M\000u\000s\000i\000c\000a\000l\000\040\000M\000n\000e\000m\000o\000n\000i\000c\000\040\000P\000r\000e\000s\000e\000r\000v\000a\000t\000i\000o\000n\000\040\000\050\000M\000M\000P\000\051}{subsection.6.7}% 122
\BOOKMARK [3][-]{subsubsection.6.7.6}{\376\377\000T\000i\000e\000r\000\040\000\040\000M\000o\000d\000e\000l\000s\000:\000\040\000I\000M\000U\000\040\000I\000n\000t\000e\000g\000r\000a\000t\000i\000v\000e\000\040\000M\000o\000d\000e\000l\000s}{subsection.6.7}% 123
\BOOKMARK [3][-]{subsubsection.6.7.7}{\376\377\000T\000i\000e\000r\000\040\000\040\000M\000o\000d\000e\000l\000s\000:\000\040\000I\000M\000U\000\040\000S\000p\000e\000c\000u\000l\000a\000t\000i\000v\000e\000\040\000M\000o\000d\000e\000l\000s}{subsection.6.7}% 124
\BOOKMARK [2][-]{subsection.6.8}{\376\377\000A\000f\000f\000e\000c\000t\000i\000v\000e\000\040\000R\000e\000s\000o\000n\000a\000n\000c\000e\000\040\000U\000n\000i\000t\000\040\000\050\000A\000R\000U\000\051}{section.6}% 125
\BOOKMARK [3][-]{subsubsection.6.8.1}{\376\377\000N\000e\000u\000r\000a\000l\000\040\000S\000u\000b\000s\000t\000r\000a\000t\000e\000s}{subsection.6.8}% 126
\BOOKMARK [3][-]{subsubsection.6.8.2}{\376\377\000E\000f\000f\000e\000c\000t\000\040\000S\000i\000z\000e\000s}{subsection.6.8}% 127
\BOOKMARK [3][-]{subsubsection.6.8.3}{\376\377\000T\000i\000e\000r\000\040\000\040\000M\000o\000d\000e\000l\000s\000:\000\040\000S\000t\000r\000i\000a\000t\000a\000l\000\040\000R\000e\000w\000a\000r\000d\000\040\000P\000a\000t\000h\000w\000a\000y\000\040\000\050\000S\000R\000P\000\051}{subsection.6.8}% 128
\BOOKMARK [3][-]{subsubsection.6.8.4}{\376\377\000T\000i\000e\000r\000\040\000\040\000M\000o\000d\000e\000l\000s\000:\000\040\000A\000u\000t\000o\000n\000o\000m\000i\000c\000-\000A\000f\000f\000e\000c\000t\000i\000v\000e\000\040\000C\000o\000u\000p\000l\000i\000n\000g\000\040\000\050\000A\000A\000C\000\051}{subsection.6.8}% 129
\BOOKMARK [3][-]{subsubsection.6.8.5}{\376\377\000T\000i\000e\000r\000\040\000\040\000M\000o\000d\000e\000l\000s\000:\000\040\000V\000a\000l\000e\000n\000c\000e\000-\000M\000o\000d\000e\000\040\000M\000a\000p\000p\000i\000n\000g\000\040\000\050\000V\000M\000M\000\051}{subsection.6.8}% 130
\BOOKMARK [3][-]{subsubsection.6.8.6}{\376\377\000T\000i\000e\000r\000\040\000\040\000M\000o\000d\000e\000l\000s\000:\000\040\000A\000R\000U\000\040\000I\000n\000t\000e\000g\000r\000a\000t\000i\000v\000e\000\040\000M\000o\000d\000e\000l\000s}{subsection.6.8}% 131
\BOOKMARK [3][-]{subsubsection.6.8.7}{\376\377\000T\000i\000e\000r\000\040\000\040\000M\000o\000d\000e\000l\000s\000:\000\040\000A\000R\000U\000\040\000S\000p\000e\000c\000u\000l\000a\000t\000i\000v\000e\000\040\000M\000o\000d\000e\000l\000s}{subsection.6.8}% 132
\BOOKMARK [1][-]{section.7}{\376\377\000C\000o\000n\000c\000l\000u\000s\000i\000o\000n}{}% 133
